[02:35:56] [ServerMain/INFO]: [bootstrap] Running Java 25 (OpenJDK 64-Bit Server VM 25.0.1+8-LTS; Eclipse Adoptium Temurin-25.0.1+8) on Windows 11 10.0 (amd64)
[02:35:56] [ServerMain/INFO]: [bootstrap] Loading Paper 1.21.8-60-main@29c8822 (2025-09-06T21:49:13Z) for Minecraft 1.21.8
[02:35:56] [ServerMain/INFO]: [PluginInitializerManager] Initializing plugins...
[02:35:57] [Paper Plugin Remapper Thread - 2/INFO]: [PluginRemapper] Remapping plugin 'plugins\TAB v5.3.2.jar'...
[02:35:59] [Paper Plugin Remapper Thread - 2/INFO]: [PluginRemapper] Done remapping plugin 'plugins\TAB v5.3.2.jar' in 2050ms.
[02:35:59] [ServerMain/INFO]: [PluginInitializerManager] Initialized 3 plugins
[02:35:59] [ServerMain/INFO]: [PluginInitializerManager] Bukkit plugins (3):
 - TAB (5.3.2), ViaBackwards (5.5.1), ViaVersion (5.5.1)
[02:36:03] [ServerMain/INFO]: Environment: Environment[sessionHost=https://sessionserver.mojang.com, servicesHost=https://api.minecraftservices.com, name=PROD]
[02:36:06] [ServerMain/INFO]: Loaded 1407 recipes
[02:36:06] [ServerMain/INFO]: Loaded 1520 advancements
[02:36:06] [ServerMain/INFO]: [ca.spottedleaf.dataconverter.minecraft.datatypes.MCTypeRegistry] Initialising converters for DataConverter...
[02:36:06] [ServerMain/INFO]: [ca.spottedleaf.dataconverter.minecraft.datatypes.MCTypeRegistry] Finished initialising converters for DataConverter in 648.6ms
[02:36:06] [Server thread/INFO]: Starting minecraft server version 1.21.8
[02:36:06] [Server thread/INFO]: Loading properties
[02:36:06] [Server thread/INFO]: This server is running Paper version 1.21.8-60-main@29c8822 (2025-09-06T21:49:13Z) (Implementing API version 1.21.8-R0.1-SNAPSHOT)
[02:36:07] [Server thread/INFO]: [spark] This server bundles the spark profiler. For more information please visit https://docs.papermc.io/paper/profiling
[02:36:07] [Server thread/INFO]: Server Ping Player Sample Count: 12
[02:36:07] [Server thread/INFO]: Using 4 threads for Netty based IO
[02:36:08] [Server thread/INFO]: [MoonriseCommon] Paper is using 1 worker threads, 1 I/O threads
[02:36:08] [Server thread/INFO]: [ChunkTaskScheduler] Chunk system is using population gen parallelism: true
[02:36:08] [Server thread/INFO]: Default game type: SURVIVAL
[02:36:08] [Server thread/INFO]: Generating keypair
[02:36:08] [Server thread/INFO]: Starting Minecraft server on *:25565
[02:36:08] [Server thread/INFO]: Using default channel type
[02:36:08] [Server thread/INFO]: Paper: Using Java compression from Velocity.
[02:36:08] [Server thread/INFO]: Paper: Using Java cipher from Velocity.
[02:36:09] [Server thread/INFO]: [ViaVersion] Loading server plugin ViaVersion v5.5.1
[02:36:09] [Server thread/INFO]: [ViaVersion] ViaVersion 5.5.1 is now loaded. Registering protocol transformers and injecting...
[02:36:10] [Via-Mappingloader-0/INFO]: [ViaVersion] Loading block connection mappings ...
[02:36:10] [Server thread/INFO]: [ViaBackwards] Loading translations...
[02:36:10] [Server thread/INFO]: [ViaBackwards] Registering protocols...
[02:36:10] [Via-Mappingloader-0/INFO]: [ViaVersion] Using FastUtil Long2ObjectOpenHashMap for block connections
[02:36:11] [Server thread/INFO]: [ViaBackwards] Loading server plugin ViaBackwards v5.5.1
[02:36:11] [Server thread/INFO]: [TAB] Loading server plugin TAB v5.3.2
[02:36:11] [Server thread/INFO]: Server permissions file permissions.yml is empty, ignoring it
[02:36:11] [Server thread/WARN]: **** SERVER IS RUNNING IN OFFLINE/INSECURE MODE!
[02:36:11] [Server thread/WARN]: The server will make no attempt to authenticate usernames. Beware.
[02:36:11] [Server thread/WARN]: While this makes the game possible to play without internet access, it also opens up the ability for hackers to connect with any username they choose.
[02:36:11] [Server thread/WARN]: To change this, set "online-mode" to "true" in the server.properties file.
[02:36:11] [Server thread/INFO]: Preparing level "world"
[02:36:11] [Server thread/INFO]: Preparing start region for dimension minecraft:overworld
[02:36:12] [Server thread/INFO]: Preparing spawn area: 0%
[02:36:12] [Server thread/INFO]: Preparing spawn area: 2%
[02:36:12] [Server thread/INFO]: Preparing spawn area: 2%
[02:36:12] [Server thread/INFO]: Time elapsed: 1046 ms
[02:36:12] [Server thread/INFO]: Preparing start region for dimension minecraft:the_nether
[02:36:12] [Server thread/INFO]: Preparing spawn area: 0%
[02:36:12] [Server thread/INFO]: Time elapsed: 262 ms
[02:36:12] [Server thread/INFO]: Preparing start region for dimension minecraft:the_end
[02:36:13] [Server thread/INFO]: Preparing spawn area: 0%
[02:36:13] [Server thread/INFO]: Time elapsed: 78 ms
[02:36:13] [Server thread/INFO]: [ViaVersion] Enabling ViaVersion v5.5.1
[02:36:13] [Server thread/INFO]: [ViaVersion] ViaVersion detected server version: 1.21.7-1.21.8 (772)
[02:36:13] [Server thread/INFO]: [ViaBackwards] Enabling ViaBackwards v5.5.1
[02:36:13] [Server thread/INFO]: [TAB] Enabling TAB v5.3.2
[02:36:13] [Server thread/INFO]: [TAB] Enabled in 342ms
[02:36:13] [Server thread/INFO]: [spark] Starting background profiler...
[02:36:13] [Server thread/INFO]: [spark] The async-profiler engine is not supported for your os/arch (windows11/amd64), so the built-in Java engine will be used instead.
[02:36:14] [Server thread/INFO]: Done preparing level "world" (2.885s)
[02:36:14] [Server thread/INFO]: Running delayed init tasks
[02:36:14] [Server thread/INFO]: Done (19.207s)! For help, type "help"
[02:36:14] [Craft Scheduler Thread - 2 - ViaVersion/INFO]: [ViaVersion] Finished mapping loading, shutting down loader executor.
[02:38:27] [User Authenticator #0/INFO]: UUID of player SmileDev is b6a0a340-39a3-383e-9040-132a79745be3
[02:38:28] [Server thread/INFO]: SmileDev joined the game
[02:38:28] [Server thread/INFO]: SmileDev[/127.0.0.1:53102] logged in with entity id 39 at ([world]-1.5, 87.0, 10.5)
[02:38:29] [Server thread/WARN]: [ca.spottedleaf.moonrise.patches.chunk_system.level.entity.EntityLookup] Entity uuid already exists: cda9e5df-86bb-46f9-bbf1-6c635d6494bc, mapped to Zombie['Zombie'/47, uuid='cda9e5df-86bb-46f9-bbf1-6c635d6494bc', l='ServerLevel[world]', x=-79.23, y=71.00, z=1.43, cpos=[-5, 0], tl=0, v=true], can't add Zombie['Zombie'/61, uuid='cda9e5df-86bb-46f9-bbf1-6c635d6494bc', l='ServerLevel[world]', x=-78.55, y=71.00, z=-6.13, cpos=[-5, -1], tl=0, v=false]
[02:38:29] [Server thread/WARN]: [ca.spottedleaf.moonrise.patches.chunk_system.level.entity.EntityLookup] Entity uuid already exists: cda9e5df-86bb-46f9-bbf1-6c635d6494bc, mapped to Zombie['Zombie'/47, uuid='cda9e5df-86bb-46f9-bbf1-6c635d6494bc', l='ServerLevel[world]', x=-79.23, y=71.00, z=1.43, cpos=[-5, 0], tl=0, v=true], can't add Zombie['Zombie'/66, uuid='cda9e5df-86bb-46f9-bbf1-6c635d6494bc', l='ServerLevel[world]', x=-80.56, y=70.00, z=-13.70, cpos=[-6, -1], tl=0, v=false]
[02:38:29] [TAB Processing Thread/INFO]: [TAB] [WARN] Player SmileDev's group (none) is not in sorting list! Sorting list: owner,admin,mod,helper,builder,vip,default. Player will be sorted on the bottom.
[02:38:29] [Server thread/WARN]: [ca.spottedleaf.moonrise.patches.chunk_system.level.entity.EntityLookup] Entity uuid already exists: 879dbb5a-85d9-4c7d-a4b1-05d82a1cdacc, mapped to Axolotl['Axolotl'/27, uuid='879dbb5a-85d9-4c7d-a4b1-05d82a1cdacc', l='ServerLevel[world]', x=-45.14, y=0.32, z=63.10, cpos=[-3, 3], tl=0, v=true], can't add Axolotl['Axolotl'/91, uuid='879dbb5a-85d9-4c7d-a4b1-05d82a1cdacc', l='ServerLevel[world]', x=-52.20, y=3.86, z=75.14, cpos=[-4, 4], tl=0, v=false]
[02:38:29] [Server thread/WARN]: [ca.spottedleaf.moonrise.patches.chunk_system.level.entity.EntityLookup] Entity uuid already exists: cda9e5df-86bb-46f9-bbf1-6c635d6494bc, mapped to Zombie['Zombie'/47, uuid='cda9e5df-86bb-46f9-bbf1-6c635d6494bc', l='ServerLevel[world]', x=-79.23, y=71.00, z=1.43, cpos=[-5, 0], tl=0, v=true], can't add Zombie['Zombie'/95, uuid='cda9e5df-86bb-46f9-bbf1-6c635d6494bc', l='ServerLevel[world]', x=-83.05, y=71.00, z=-19.95, cpos=[-6, -2], tl=0, v=false]
[02:38:30] [Server thread/WARN]: [ca.spottedleaf.moonrise.patches.chunk_system.level.entity.EntityLookup] Entity uuid already exists: 34b98ee5-83b5-430c-8d43-27cc03987d4a, mapped to Skeleton['Skeleton'/74, uuid='34b98ee5-83b5-430c-8d43-27cc03987d4a', l='ServerLevel[world]', x=-107.18, y=47.00, z=1.53, cpos=[-7, 0], tl=0, v=true], can't add Skeleton['Skeleton'/100, uuid='34b98ee5-83b5-430c-8d43-27cc03987d4a', l='ServerLevel[world]', x=-113.25, y=48.00, z=1.28, cpos=[-8, 0], tl=0, v=false]
[02:38:33] [Server thread/WARN]: Can't keep up! Is the server overloaded? Running 3603ms or 72 ticks behind
[02:38:35] [Server thread/WARN]: [ca.spottedleaf.moonrise.patches.chunk_system.level.entity.EntityLookup] Entity uuid already exists: cf43f66d-e4f6-4787-8cce-a00563277580, mapped to Bat['Bat'/183, uuid='cf43f66d-e4f6-4787-8cce-a00563277580', l='ServerLevel[world]', x=-76.50, y=20.46, z=-110.66, cpos=[-5, -7], tl=0, v=true], can't add Bat['Bat'/210, uuid='cf43f66d-e4f6-4787-8cce-a00563277580', l='ServerLevel[world]', x=-70.60, y=21.29, z=-114.98, cpos=[-5, -8], tl=0, v=false]
[02:39:16] [Server thread/INFO]: SmileDev was slain by Zombie
